build/app/intermediates/manifest_merge_blame_file/release/processReleaseMainManifest/manifest-merger-blame-release-report.txt
1<?xml version="1.0" encoding="utf-8"?>
2<manifest xmlns:android="http://schemas.android.com/apk/res/android"
3    package="com.example.flutter_app_project"
4    android:versionCode="1"
5    android:versionName="1.0.0" >
6
7    <uses-sdk
8        android:minSdkVersion="23"
9        android:targetSdkVersion="33" />
10    <!--
11         Required to query activities that can process text, see:
12         https://developer.android.com/training/package-visibility and
13         https://developer.android.com/reference/android/content/Intent#ACTION_PROCESS_TEXT.
14
15         In particular, this is used by the Flutter engine in io.flutter.plugin.text.ProcessTextPlugin.
16    -->
17    <queries>
17-->src\main\AndroidManifest.xml:39:5-44:15
18        <intent>
18-->src\main\AndroidManifest.xml:40:9-43:18
19            <action android:name="android.intent.action.PROCESS_TEXT" />
19-->src\main\AndroidManifest.xml:41:13-72
19-->src\main\AndroidManifest.xml:41:21-70
20
21            <data android:mimeType="text/plain" />
21-->src\main\AndroidManifest.xml:42:13-50
21-->src\main\AndroidManifest.xml:42:19-48
22        </intent>
23        <intent>
23-->[:flutter_downloader] AndroidManifest.xml:9:9-11:18
24            <action android:name="android.intent.action.VIEW" />
24-->[:flutter_downloader] AndroidManifest.xml:10:13-65
24-->[:flutter_downloader] AndroidManifest.xml:10:21-62
25        </intent>
26    </queries>
27
28    <uses-permission android:name="android.permission.POST_NOTIFICATIONS" />
28-->[:flutter_downloader] AndroidManifest.xml:14:5-77
28-->[:flutter_downloader] AndroidManifest.xml:14:22-74
29    <uses-permission android:name="android.permission.INTERNET" />
29-->[com.google.firebase:firebase-auth:23.2.0] AndroidManifest.xml:25:5-67
29-->[com.google.firebase:firebase-auth:23.2.0] AndroidManifest.xml:25:22-64
30    <uses-permission android:name="android.permission.ACCESS_NETWORK_STATE" />
30-->[com.google.firebase:firebase-auth:23.2.0] AndroidManifest.xml:26:5-79
30-->[com.google.firebase:firebase-auth:23.2.0] AndroidManifest.xml:26:22-76
31    <uses-permission android:name="android.permission.WAKE_LOCK" />
31-->[androidx.work:work-runtime:2.9.0] AndroidManifest.xml:23:5-68
31-->[androidx.work:work-runtime:2.9.0] AndroidManifest.xml:23:22-65
32    <uses-permission android:name="android.permission.RECEIVE_BOOT_COMPLETED" />
32-->[androidx.work:work-runtime:2.9.0] AndroidManifest.xml:25:5-81
32-->[androidx.work:work-runtime:2.9.0] AndroidManifest.xml:25:22-78
33    <uses-permission android:name="android.permission.FOREGROUND_SERVICE" />
33-->[androidx.work:work-runtime:2.9.0] AndroidManifest.xml:26:5-77
33-->[androidx.work:work-runtime:2.9.0] AndroidManifest.xml:26:22-74
34    <uses-permission android:name="com.google.android.providers.gsf.permission.READ_GSERVICES" />
34-->[com.google.android.recaptcha:recaptcha:18.6.1] AndroidManifest.xml:9:5-98
34-->[com.google.android.recaptcha:recaptcha:18.6.1] AndroidManifest.xml:9:22-95
35
36    <permission
36-->[androidx.core:core:1.13.1] AndroidManifest.xml:22:5-24:47
37        android:name="com.example.flutter_app_project.DYNAMIC_RECEIVER_NOT_EXPORTED_PERMISSION"
37-->[androidx.core:core:1.13.1] AndroidManifest.xml:23:9-81
38        android:protectionLevel="signature" />
38-->[androidx.core:core:1.13.1] AndroidManifest.xml:24:9-44
39
40    <uses-permission android:name="com.example.flutter_app_project.DYNAMIC_RECEIVER_NOT_EXPORTED_PERMISSION" />
40-->[androidx.core:core:1.13.1] AndroidManifest.xml:26:5-97
40-->[androidx.core:core:1.13.1] AndroidManifest.xml:26:22-94
41
42    <application
43        android:name="android.app.Application"
43-->src\main\AndroidManifest.xml:4:9-42
44        android:appComponentFactory="androidx.core.app.CoreComponentFactory"
44-->[androidx.core:core:1.13.1] AndroidManifest.xml:28:18-86
45        android:extractNativeLibs="false"
46        android:icon="@mipmap/ic_launcher"
46-->src\main\AndroidManifest.xml:5:9-43
47        android:label="flutter_app_project" >
47-->src\main\AndroidManifest.xml:3:9-44
48        <activity
48-->src\main\AndroidManifest.xml:6:9-27:20
49            android:name="com.example.flutter_app_project.MainActivity"
49-->src\main\AndroidManifest.xml:7:13-41
50            android:configChanges="orientation|keyboardHidden|keyboard|screenSize|smallestScreenSize|locale|layoutDirection|fontScale|screenLayout|density|uiMode"
50-->src\main\AndroidManifest.xml:12:13-163
51            android:exported="true"
51-->src\main\AndroidManifest.xml:8:13-36
52            android:hardwareAccelerated="true"
52-->src\main\AndroidManifest.xml:13:13-47
53            android:launchMode="singleTop"
53-->src\main\AndroidManifest.xml:9:13-43
54            android:taskAffinity=""
54-->src\main\AndroidManifest.xml:10:13-36
55            android:theme="@style/LaunchTheme"
55-->src\main\AndroidManifest.xml:11:13-47
56            android:windowSoftInputMode="adjustResize" >
56-->src\main\AndroidManifest.xml:14:13-55
57
58            <!--
59                 Specifies an Android theme to apply to this Activity as soon as
60                 the Android process has started. This theme is visible to the user
61                 while the Flutter UI initializes. After that, this theme continues
62                 to determine the Window background behind the Flutter UI.
63            -->
64            <meta-data
64-->src\main\AndroidManifest.xml:19:13-22:17
65                android:name="io.flutter.embedding.android.NormalTheme"
65-->src\main\AndroidManifest.xml:20:15-70
66                android:resource="@style/NormalTheme" />
66-->src\main\AndroidManifest.xml:21:15-52
67
68            <intent-filter>
68-->src\main\AndroidManifest.xml:23:13-26:29
69                <action android:name="android.intent.action.MAIN" />
69-->src\main\AndroidManifest.xml:24:17-68
69-->src\main\AndroidManifest.xml:24:25-66
70
71                <category android:name="android.intent.category.LAUNCHER" />
71-->src\main\AndroidManifest.xml:25:17-76
71-->src\main\AndroidManifest.xml:25:27-74
72            </intent-filter>
73        </activity>
74        <!--
75             Don't delete the meta-data below.
76             This is used by the Flutter tool to generate GeneratedPluginRegistrant.java
77        -->
78        <meta-data
78-->src\main\AndroidManifest.xml:30:9-32:33
79            android:name="flutterEmbedding"
79-->src\main\AndroidManifest.xml:31:13-44
80            android:value="2" />
80-->src\main\AndroidManifest.xml:32:13-30
81
82        <service
82-->[:firebase_auth] AndroidManifest.xml:8:9-12:19
83            android:name="com.google.firebase.components.ComponentDiscoveryService"
83-->[:firebase_auth] AndroidManifest.xml:8:18-89
84            android:directBootAware="true"
84-->[com.google.firebase:firebase-common:21.0.0] AndroidManifest.xml:32:13-43
85            android:exported="false" >
85-->[com.google.firebase:firebase-auth:23.2.0] AndroidManifest.xml:68:13-37
86            <meta-data
86-->[:firebase_auth] AndroidManifest.xml:9:13-11:85
87                android:name="com.google.firebase.components:io.flutter.plugins.firebase.auth.FlutterFirebaseAuthRegistrar"
87-->[:firebase_auth] AndroidManifest.xml:10:17-124
88                android:value="com.google.firebase.components.ComponentRegistrar" />
88-->[:firebase_auth] AndroidManifest.xml:11:17-82
89            <meta-data
89-->[:cloud_firestore] AndroidManifest.xml:9:13-11:85
90                android:name="com.google.firebase.components:io.flutter.plugins.firebase.firestore.FlutterFirebaseFirestoreRegistrar"
90-->[:cloud_firestore] AndroidManifest.xml:10:17-134
91                android:value="com.google.firebase.components.ComponentRegistrar" />
91-->[:cloud_firestore] AndroidManifest.xml:11:17-82
92            <meta-data
92-->[:firebase_storage] AndroidManifest.xml:9:13-11:85
93                android:name="com.google.firebase.components:io.flutter.plugins.firebase.storage.FlutterFirebaseAppRegistrar"
93-->[:firebase_storage] AndroidManifest.xml:10:17-126
94                android:value="com.google.firebase.components.ComponentRegistrar" />
94-->[:firebase_storage] AndroidManifest.xml:11:17-82
95            <meta-data
95-->[:firebase_core] AndroidManifest.xml:9:13-11:85
96                android:name="com.google.firebase.components:io.flutter.plugins.firebase.core.FlutterFirebaseCoreRegistrar"
96-->[:firebase_core] AndroidManifest.xml:10:17-124
97                android:value="com.google.firebase.components.ComponentRegistrar" />
97-->[:firebase_core] AndroidManifest.xml:11:17-82
98            <meta-data
98-->[com.google.firebase:firebase-auth:23.2.0] AndroidManifest.xml:69:13-71:85
99                android:name="com.google.firebase.components:com.google.firebase.auth.FirebaseAuthRegistrar"
99-->[com.google.firebase:firebase-auth:23.2.0] AndroidManifest.xml:70:17-109
100                android:value="com.google.firebase.components.ComponentRegistrar" />
100-->[com.google.firebase:firebase-auth:23.2.0] AndroidManifest.xml:71:17-82
101            <meta-data
101-->[com.google.firebase:firebase-firestore:25.1.3] AndroidManifest.xml:17:13-19:85
102                android:name="com.google.firebase.components:com.google.firebase.firestore.FirebaseFirestoreKtxRegistrar"
102-->[com.google.firebase:firebase-firestore:25.1.3] AndroidManifest.xml:18:17-122
103                android:value="com.google.firebase.components.ComponentRegistrar" />
103-->[com.google.firebase:firebase-firestore:25.1.3] AndroidManifest.xml:19:17-82
104            <meta-data
104-->[com.google.firebase:firebase-firestore:25.1.3] AndroidManifest.xml:20:13-22:85
105                android:name="com.google.firebase.components:com.google.firebase.firestore.FirestoreRegistrar"
105-->[com.google.firebase:firebase-firestore:25.1.3] AndroidManifest.xml:21:17-111
106                android:value="com.google.firebase.components.ComponentRegistrar" />
106-->[com.google.firebase:firebase-firestore:25.1.3] AndroidManifest.xml:22:17-82
107            <meta-data
107-->[com.google.firebase:firebase-storage:21.0.1] AndroidManifest.xml:30:13-32:85
108                android:name="com.google.firebase.components:com.google.firebase.storage.FirebaseStorageKtxRegistrar"
108-->[com.google.firebase:firebase-storage:21.0.1] AndroidManifest.xml:31:17-118
109                android:value="com.google.firebase.components.ComponentRegistrar" />
109-->[com.google.firebase:firebase-storage:21.0.1] AndroidManifest.xml:32:17-82
110            <meta-data
110-->[com.google.firebase:firebase-storage:21.0.1] AndroidManifest.xml:33:13-35:85
111                android:name="com.google.firebase.components:com.google.firebase.storage.StorageRegistrar"
111-->[com.google.firebase:firebase-storage:21.0.1] AndroidManifest.xml:34:17-107
112                android:value="com.google.firebase.components.ComponentRegistrar" />
112-->[com.google.firebase:firebase-storage:21.0.1] AndroidManifest.xml:35:17-82
113            <meta-data
113-->[com.google.firebase:firebase-appcheck:18.0.0] AndroidManifest.xml:25:13-27:85
114                android:name="com.google.firebase.components:com.google.firebase.appcheck.FirebaseAppCheckKtxRegistrar"
114-->[com.google.firebase:firebase-appcheck:18.0.0] AndroidManifest.xml:26:17-120
115                android:value="com.google.firebase.components.ComponentRegistrar" />
115-->[com.google.firebase:firebase-appcheck:18.0.0] AndroidManifest.xml:27:17-82
116            <meta-data
116-->[com.google.firebase:firebase-appcheck:18.0.0] AndroidManifest.xml:28:13-30:85
117                android:name="com.google.firebase.components:com.google.firebase.appcheck.FirebaseAppCheckRegistrar"
117-->[com.google.firebase:firebase-appcheck:18.0.0] AndroidManifest.xml:29:17-117
118                android:value="com.google.firebase.components.ComponentRegistrar" />
118-->[com.google.firebase:firebase-appcheck:18.0.0] AndroidManifest.xml:30:17-82
119            <meta-data
119-->[com.google.firebase:firebase-common-ktx:21.0.0] AndroidManifest.xml:12:13-14:85
120                android:name="com.google.firebase.components:com.google.firebase.ktx.FirebaseCommonLegacyRegistrar"
120-->[com.google.firebase:firebase-common-ktx:21.0.0] AndroidManifest.xml:13:17-116
121                android:value="com.google.firebase.components.ComponentRegistrar" />
121-->[com.google.firebase:firebase-common-ktx:21.0.0] AndroidManifest.xml:14:17-82
122            <meta-data
122-->[com.google.firebase:firebase-common:21.0.0] AndroidManifest.xml:35:13-37:85
123                android:name="com.google.firebase.components:com.google.firebase.FirebaseCommonKtxRegistrar"
123-->[com.google.firebase:firebase-common:21.0.0] AndroidManifest.xml:36:17-109
124                android:value="com.google.firebase.components.ComponentRegistrar" />
124-->[com.google.firebase:firebase-common:21.0.0] AndroidManifest.xml:37:17-82
125        </service>
126
127        <activity
127-->[com.google.firebase:firebase-auth:23.2.0] AndroidManifest.xml:29:9-46:20
128            android:name="com.google.firebase.auth.internal.GenericIdpActivity"
128-->[com.google.firebase:firebase-auth:23.2.0] AndroidManifest.xml:30:13-80
129            android:excludeFromRecents="true"
129-->[com.google.firebase:firebase-auth:23.2.0] AndroidManifest.xml:31:13-46
130            android:exported="true"
130-->[com.google.firebase:firebase-auth:23.2.0] AndroidManifest.xml:32:13-36
131            android:launchMode="singleTask"
131-->[com.google.firebase:firebase-auth:23.2.0] AndroidManifest.xml:33:13-44
132            android:theme="@android:style/Theme.Translucent.NoTitleBar" >
132-->[com.google.firebase:firebase-auth:23.2.0] AndroidManifest.xml:34:13-72
133            <intent-filter>
133-->[com.google.firebase:firebase-auth:23.2.0] AndroidManifest.xml:35:13-45:29
134                <action android:name="android.intent.action.VIEW" />
134-->[:flutter_downloader] AndroidManifest.xml:10:13-65
134-->[:flutter_downloader] AndroidManifest.xml:10:21-62
135
136                <category android:name="android.intent.category.DEFAULT" />
136-->[com.google.firebase:firebase-auth:23.2.0] AndroidManifest.xml:38:17-76
136-->[com.google.firebase:firebase-auth:23.2.0] AndroidManifest.xml:38:27-73
137                <category android:name="android.intent.category.BROWSABLE" />
137-->[com.google.firebase:firebase-auth:23.2.0] AndroidManifest.xml:39:17-78
137-->[com.google.firebase:firebase-auth:23.2.0] AndroidManifest.xml:39:27-75
138
139                <data
139-->src\main\AndroidManifest.xml:42:13-50
140                    android:host="firebase.auth"
141                    android:path="/"
142                    android:scheme="genericidp" />
143            </intent-filter>
144        </activity>
145        <activity
145-->[com.google.firebase:firebase-auth:23.2.0] AndroidManifest.xml:47:9-64:20
146            android:name="com.google.firebase.auth.internal.RecaptchaActivity"
146-->[com.google.firebase:firebase-auth:23.2.0] AndroidManifest.xml:48:13-79
147            android:excludeFromRecents="true"
147-->[com.google.firebase:firebase-auth:23.2.0] AndroidManifest.xml:49:13-46
148            android:exported="true"
148-->[com.google.firebase:firebase-auth:23.2.0] AndroidManifest.xml:50:13-36
149            android:launchMode="singleTask"
149-->[com.google.firebase:firebase-auth:23.2.0] AndroidManifest.xml:51:13-44
150            android:theme="@android:style/Theme.Translucent.NoTitleBar" >
150-->[com.google.firebase:firebase-auth:23.2.0] AndroidManifest.xml:52:13-72
151            <intent-filter>
151-->[com.google.firebase:firebase-auth:23.2.0] AndroidManifest.xml:53:13-63:29
152                <action android:name="android.intent.action.VIEW" />
152-->[:flutter_downloader] AndroidManifest.xml:10:13-65
152-->[:flutter_downloader] AndroidManifest.xml:10:21-62
153
154                <category android:name="android.intent.category.DEFAULT" />
154-->[com.google.firebase:firebase-auth:23.2.0] AndroidManifest.xml:38:17-76
154-->[com.google.firebase:firebase-auth:23.2.0] AndroidManifest.xml:38:27-73
155                <category android:name="android.intent.category.BROWSABLE" />
155-->[com.google.firebase:firebase-auth:23.2.0] AndroidManifest.xml:39:17-78
155-->[com.google.firebase:firebase-auth:23.2.0] AndroidManifest.xml:39:27-75
156
157                <data
157-->src\main\AndroidManifest.xml:42:13-50
158                    android:host="firebase.auth"
159                    android:path="/"
160                    android:scheme="recaptcha" />
161            </intent-filter>
162        </activity>
163
164        <provider
164-->[androidx.work:work-runtime:2.9.0] AndroidManifest.xml:29:9-37:20
165            android:name="androidx.startup.InitializationProvider"
165-->[androidx.work:work-runtime:2.9.0] AndroidManifest.xml:30:13-67
166            android:authorities="com.example.flutter_app_project.androidx-startup"
166-->[androidx.work:work-runtime:2.9.0] AndroidManifest.xml:31:13-68
167            android:exported="false" >
167-->[androidx.work:work-runtime:2.9.0] AndroidManifest.xml:32:13-37
168            <meta-data
168-->[androidx.work:work-runtime:2.9.0] AndroidManifest.xml:34:13-36:52
169                android:name="androidx.work.WorkManagerInitializer"
169-->[androidx.work:work-runtime:2.9.0] AndroidManifest.xml:35:17-68
170                android:value="androidx.startup" />
170-->[androidx.work:work-runtime:2.9.0] AndroidManifest.xml:36:17-49
171            <meta-data
171-->[androidx.lifecycle:lifecycle-process:2.7.0] AndroidManifest.xml:29:13-31:52
172                android:name="androidx.lifecycle.ProcessLifecycleInitializer"
172-->[androidx.lifecycle:lifecycle-process:2.7.0] AndroidManifest.xml:30:17-78
173                android:value="androidx.startup" />
173-->[androidx.lifecycle:lifecycle-process:2.7.0] AndroidManifest.xml:31:17-49
174            <meta-data
174-->[androidx.profileinstaller:profileinstaller:1.3.1] AndroidManifest.xml:29:13-31:52
175                android:name="androidx.profileinstaller.ProfileInstallerInitializer"
175-->[androidx.profileinstaller:profileinstaller:1.3.1] AndroidManifest.xml:30:17-85
176                android:value="androidx.startup" />
176-->[androidx.profileinstaller:profileinstaller:1.3.1] AndroidManifest.xml:31:17-49
177        </provider>
178
179        <service
179-->[androidx.work:work-runtime:2.9.0] AndroidManifest.xml:39:9-45:35
180            android:name="androidx.work.impl.background.systemalarm.SystemAlarmService"
180-->[androidx.work:work-runtime:2.9.0] AndroidManifest.xml:40:13-88
181            android:directBootAware="false"
181-->[androidx.work:work-runtime:2.9.0] AndroidManifest.xml:41:13-44
182            android:enabled="@bool/enable_system_alarm_service_default"
182-->[androidx.work:work-runtime:2.9.0] AndroidManifest.xml:42:13-72
183            android:exported="false" />
183-->[androidx.work:work-runtime:2.9.0] AndroidManifest.xml:43:13-37
184        <service
184-->[androidx.work:work-runtime:2.9.0] AndroidManifest.xml:46:9-52:35
185            android:name="androidx.work.impl.background.systemjob.SystemJobService"
185-->[androidx.work:work-runtime:2.9.0] AndroidManifest.xml:47:13-84
186            android:directBootAware="false"
186-->[androidx.work:work-runtime:2.9.0] AndroidManifest.xml:48:13-44
187            android:enabled="@bool/enable_system_job_service_default"
187-->[androidx.work:work-runtime:2.9.0] AndroidManifest.xml:49:13-70
188            android:exported="true"
188-->[androidx.work:work-runtime:2.9.0] AndroidManifest.xml:50:13-36
189            android:permission="android.permission.BIND_JOB_SERVICE" />
189-->[androidx.work:work-runtime:2.9.0] AndroidManifest.xml:51:13-69
190        <service
190-->[androidx.work:work-runtime:2.9.0] AndroidManifest.xml:53:9-59:35
191            android:name="androidx.work.impl.foreground.SystemForegroundService"
191-->[androidx.work:work-runtime:2.9.0] AndroidManifest.xml:54:13-81
192            android:directBootAware="false"
192-->[androidx.work:work-runtime:2.9.0] AndroidManifest.xml:55:13-44
193            android:enabled="@bool/enable_system_foreground_service_default"
193-->[androidx.work:work-runtime:2.9.0] AndroidManifest.xml:56:13-77
194            android:exported="false" />
194-->[androidx.work:work-runtime:2.9.0] AndroidManifest.xml:57:13-37
195
196        <receiver
196-->[androidx.work:work-runtime:2.9.0] AndroidManifest.xml:61:9-66:35
197            android:name="androidx.work.impl.utils.ForceStopRunnable$BroadcastReceiver"
197-->[androidx.work:work-runtime:2.9.0] AndroidManifest.xml:62:13-88
198            android:directBootAware="false"
198-->[androidx.work:work-runtime:2.9.0] AndroidManifest.xml:63:13-44
199            android:enabled="true"
199-->[androidx.work:work-runtime:2.9.0] AndroidManifest.xml:64:13-35
200            android:exported="false" />
200-->[androidx.work:work-runtime:2.9.0] AndroidManifest.xml:65:13-37
201        <receiver
201-->[androidx.work:work-runtime:2.9.0] AndroidManifest.xml:67:9-77:20
202            android:name="androidx.work.impl.background.systemalarm.ConstraintProxy$BatteryChargingProxy"
202-->[androidx.work:work-runtime:2.9.0] AndroidManifest.xml:68:13-106
203            android:directBootAware="false"
203-->[androidx.work:work-runtime:2.9.0] AndroidManifest.xml:69:13-44
204            android:enabled="false"
204-->[androidx.work:work-runtime:2.9.0] AndroidManifest.xml:70:13-36
205            android:exported="false" >
205-->[androidx.work:work-runtime:2.9.0] AndroidManifest.xml:71:13-37
206            <intent-filter>
206-->[androidx.work:work-runtime:2.9.0] AndroidManifest.xml:73:13-76:29
207                <action android:name="android.intent.action.ACTION_POWER_CONNECTED" />
207-->[androidx.work:work-runtime:2.9.0] AndroidManifest.xml:74:17-87
207-->[androidx.work:work-runtime:2.9.0] AndroidManifest.xml:74:25-84
208                <action android:name="android.intent.action.ACTION_POWER_DISCONNECTED" />
208-->[androidx.work:work-runtime:2.9.0] AndroidManifest.xml:75:17-90
208-->[androidx.work:work-runtime:2.9.0] AndroidManifest.xml:75:25-87
209            </intent-filter>
210        </receiver>
211        <receiver
211-->[androidx.work:work-runtime:2.9.0] AndroidManifest.xml:78:9-88:20
212            android:name="androidx.work.impl.background.systemalarm.ConstraintProxy$BatteryNotLowProxy"
212-->[androidx.work:work-runtime:2.9.0] AndroidManifest.xml:79:13-104
213            android:directBootAware="false"
213-->[androidx.work:work-runtime:2.9.0] AndroidManifest.xml:80:13-44
214            android:enabled="false"
214-->[androidx.work:work-runtime:2.9.0] AndroidManifest.xml:81:13-36
215            android:exported="false" >
215-->[androidx.work:work-runtime:2.9.0] AndroidManifest.xml:82:13-37
216            <intent-filter>
216-->[androidx.work:work-runtime:2.9.0] AndroidManifest.xml:84:13-87:29
217                <action android:name="android.intent.action.BATTERY_OKAY" />
217-->[androidx.work:work-runtime:2.9.0] AndroidManifest.xml:85:17-77
217-->[androidx.work:work-runtime:2.9.0] AndroidManifest.xml:85:25-74
218                <action android:name="android.intent.action.BATTERY_LOW" />
218-->[androidx.work:work-runtime:2.9.0] AndroidManifest.xml:86:17-76
218-->[androidx.work:work-runtime:2.9.0] AndroidManifest.xml:86:25-73
219            </intent-filter>
220        </receiver>
221        <receiver
221-->[androidx.work:work-runtime:2.9.0] AndroidManifest.xml:89:9-99:20
222            android:name="androidx.work.impl.background.systemalarm.ConstraintProxy$StorageNotLowProxy"
222-->[androidx.work:work-runtime:2.9.0] AndroidManifest.xml:90:13-104
223            android:directBootAware="false"
223-->[androidx.work:work-runtime:2.9.0] AndroidManifest.xml:91:13-44
224            android:enabled="false"
224-->[androidx.work:work-runtime:2.9.0] AndroidManifest.xml:92:13-36
225            android:exported="false" >
225-->[androidx.work:work-runtime:2.9.0] AndroidManifest.xml:93:13-37
226            <intent-filter>
226-->[androidx.work:work-runtime:2.9.0] AndroidManifest.xml:95:13-98:29
227                <action android:name="android.intent.action.DEVICE_STORAGE_LOW" />
227-->[androidx.work:work-runtime:2.9.0] AndroidManifest.xml:96:17-83
227-->[androidx.work:work-runtime:2.9.0] AndroidManifest.xml:96:25-80
228                <action android:name="android.intent.action.DEVICE_STORAGE_OK" />
228-->[androidx.work:work-runtime:2.9.0] AndroidManifest.xml:97:17-82
228-->[androidx.work:work-runtime:2.9.0] AndroidManifest.xml:97:25-79
229            </intent-filter>
230        </receiver>
231        <receiver
231-->[androidx.work:work-runtime:2.9.0] AndroidManifest.xml:100:9-109:20
232            android:name="androidx.work.impl.background.systemalarm.ConstraintProxy$NetworkStateProxy"
232-->[androidx.work:work-runtime:2.9.0] AndroidManifest.xml:101:13-103
233            android:directBootAware="false"
233-->[androidx.work:work-runtime:2.9.0] AndroidManifest.xml:102:13-44
234            android:enabled="false"
234-->[androidx.work:work-runtime:2.9.0] AndroidManifest.xml:103:13-36
235            android:exported="false" >
235-->[androidx.work:work-runtime:2.9.0] AndroidManifest.xml:104:13-37
236            <intent-filter>
236-->[androidx.work:work-runtime:2.9.0] AndroidManifest.xml:106:13-108:29
237                <action android:name="android.net.conn.CONNECTIVITY_CHANGE" />
237-->[androidx.work:work-runtime:2.9.0] AndroidManifest.xml:107:17-79
237-->[androidx.work:work-runtime:2.9.0] AndroidManifest.xml:107:25-76
238            </intent-filter>
239        </receiver>
240        <receiver
240-->[androidx.work:work-runtime:2.9.0] AndroidManifest.xml:110:9-121:20
241            android:name="androidx.work.impl.background.systemalarm.RescheduleReceiver"
241-->[androidx.work:work-runtime:2.9.0] AndroidManifest.xml:111:13-88
242            android:directBootAware="false"
242-->[androidx.work:work-runtime:2.9.0] AndroidManifest.xml:112:13-44
243            android:enabled="false"
243-->[androidx.work:work-runtime:2.9.0] AndroidManifest.xml:113:13-36
244            android:exported="false" >
244-->[androidx.work:work-runtime:2.9.0] AndroidManifest.xml:114:13-37
245            <intent-filter>
245-->[androidx.work:work-runtime:2.9.0] AndroidManifest.xml:116:13-120:29
246                <action android:name="android.intent.action.BOOT_COMPLETED" />
246-->[androidx.work:work-runtime:2.9.0] AndroidManifest.xml:117:17-79
246-->[androidx.work:work-runtime:2.9.0] AndroidManifest.xml:117:25-76
247                <action android:name="android.intent.action.TIME_SET" />
247-->[androidx.work:work-runtime:2.9.0] AndroidManifest.xml:118:17-73
247-->[androidx.work:work-runtime:2.9.0] AndroidManifest.xml:118:25-70
248                <action android:name="android.intent.action.TIMEZONE_CHANGED" />
248-->[androidx.work:work-runtime:2.9.0] AndroidManifest.xml:119:17-81
248-->[androidx.work:work-runtime:2.9.0] AndroidManifest.xml:119:25-78
249            </intent-filter>
250        </receiver>
251        <receiver
251-->[androidx.work:work-runtime:2.9.0] AndroidManifest.xml:122:9-131:20
252            android:name="androidx.work.impl.background.systemalarm.ConstraintProxyUpdateReceiver"
252-->[androidx.work:work-runtime:2.9.0] AndroidManifest.xml:123:13-99
253            android:directBootAware="false"
253-->[androidx.work:work-runtime:2.9.0] AndroidManifest.xml:124:13-44
254            android:enabled="@bool/enable_system_alarm_service_default"
254-->[androidx.work:work-runtime:2.9.0] AndroidManifest.xml:125:13-72
255            android:exported="false" >
255-->[androidx.work:work-runtime:2.9.0] AndroidManifest.xml:126:13-37
256            <intent-filter>
256-->[androidx.work:work-runtime:2.9.0] AndroidManifest.xml:128:13-130:29
257                <action android:name="androidx.work.impl.background.systemalarm.UpdateProxies" />
257-->[androidx.work:work-runtime:2.9.0] AndroidManifest.xml:129:17-98
257-->[androidx.work:work-runtime:2.9.0] AndroidManifest.xml:129:25-95
258            </intent-filter>
259        </receiver>
260        <receiver
260-->[androidx.work:work-runtime:2.9.0] AndroidManifest.xml:132:9-142:20
261            android:name="androidx.work.impl.diagnostics.DiagnosticsReceiver"
261-->[androidx.work:work-runtime:2.9.0] AndroidManifest.xml:133:13-78
262            android:directBootAware="false"
262-->[androidx.work:work-runtime:2.9.0] AndroidManifest.xml:134:13-44
263            android:enabled="true"
263-->[androidx.work:work-runtime:2.9.0] AndroidManifest.xml:135:13-35
264            android:exported="true"
264-->[androidx.work:work-runtime:2.9.0] AndroidManifest.xml:136:13-36
265            android:permission="android.permission.DUMP" >
265-->[androidx.work:work-runtime:2.9.0] AndroidManifest.xml:137:13-57
266            <intent-filter>
266-->[androidx.work:work-runtime:2.9.0] AndroidManifest.xml:139:13-141:29
267                <action android:name="androidx.work.diagnostics.REQUEST_DIAGNOSTICS" />
267-->[androidx.work:work-runtime:2.9.0] AndroidManifest.xml:140:17-88
267-->[androidx.work:work-runtime:2.9.0] AndroidManifest.xml:140:25-85
268            </intent-filter>
269        </receiver>
270
271        <service
271-->[androidx.room:room-runtime:2.5.0] AndroidManifest.xml:24:9-28:63
272            android:name="androidx.room.MultiInstanceInvalidationService"
272-->[androidx.room:room-runtime:2.5.0] AndroidManifest.xml:25:13-74
273            android:directBootAware="true"
273-->[androidx.room:room-runtime:2.5.0] AndroidManifest.xml:26:13-43
274            android:exported="false" />
274-->[androidx.room:room-runtime:2.5.0] AndroidManifest.xml:27:13-37
275
276        <provider
276-->[:image_picker_android] AndroidManifest.xml:9:9-17:20
277            android:name="io.flutter.plugins.imagepicker.ImagePickerFileProvider"
277-->[:image_picker_android] AndroidManifest.xml:10:13-82
278            android:authorities="com.example.flutter_app_project.flutter.image_provider"
278-->[:image_picker_android] AndroidManifest.xml:11:13-74